<?xml version="1.0" encoding="UTF-8"?>
<!-- Generated by org.testng.reporters.JUnitReportReporter -->
<testsuite hostname="15927-SCOPE" failures="0" tests="1" name="maven.seleniumjenkins.WebTest" time="9.519" errors="0" timestamp="2024-03-16T19:54:23 IST" skipped="0">
  <testcase classname="maven.seleniumjenkins.WebTest" name="startBrowser" time="9.519"/>
  <system-out/>
</testsuite> <!-- maven.seleniumjenkins.WebTest -->
